<?xml version="1.0" encoding="UTF-8" ?>
<testsuite failures="0" time="0.396" errors="0" skipped="0" tests="0" name="TestSuite">
  <properties>
    <property name="java.runtime.name" value="Java(TM) SE Runtime Environment"/>
    <property name="sun.boot.library.path" value="/System/Library/Java/JavaVirtualMachines/1.6.0.jdk/Contents/Libraries"/>
    <property name="java.vm.version" value="20.6-b01-415"/>
    <property name="awt.nativeDoubleBuffering" value="true"/>
    <property name="gopherProxySet" value="false"/>
    <property name="mrj.build" value="11M3635"/>
    <property name="java.vm.vendor" value="Apple Inc."/>
    <property name="java.vendor.url" value="http://www.apple.com/"/>
    <property name="path.separator" value=":"/>
    <property name="java.vm.name" value="Java HotSpot(TM) 64-Bit Server VM"/>
    <property name="file.encoding.pkg" value="sun.io"/>
    <property name="user.country" value="US"/>
    <property name="sun.java.launcher" value="SUN_STANDARD"/>
    <property name="sun.os.patch.level" value="unknown"/>
    <property name="java.vm.specification.name" value="Java Virtual Machine Specification"/>
    <property name="user.dir" value="/Users/orezchykov/projects/atinfo/BDD-Concordion-Selenium"/>
    <property name="java.runtime.version" value="1.6.0_31-b04-415-11M3635"/>
    <property name="java.awt.graphicsenv" value="apple.awt.CGraphicsEnvironment"/>
    <property name="basedir" value="/Users/orezchykov/projects/atinfo/BDD-Concordion-Selenium"/>
    <property name="java.endorsed.dirs" value="/System/Library/Java/JavaVirtualMachines/1.6.0.jdk/Contents/Home/lib/endorsed"/>
    <property name="os.arch" value="x86_64"/>
    <property name="surefire.real.class.path" value="/Users/orezchykov/projects/atinfo/BDD-Concordion-Selenium/target/surefire/surefirebooter5958487245215632601.jar"/>
    <property name="java.io.tmpdir" value="/var/folders/s5/qv_glcr90b97wrq5bnkyt8m80000gn/T/"/>
    <property name="line.separator" value="
"/>
    <property name="java.vm.specification.vendor" value="Sun Microsystems Inc."/>
    <property name="os.name" value="Mac OS X"/>
    <property name="sun.jnu.encoding" value="MacRoman"/>
    <property name="java.library.path" value=".:/Library/Java/Extensions:/System/Library/Java/Extensions:/usr/lib/java"/>
    <property name="surefire.test.class.path" value="/Users/orezchykov/projects/atinfo/BDD-Concordion-Selenium/target/test-classes:/Users/orezchykov/projects/atinfo/BDD-Concordion-Selenium/target/classes:/Users/orezchykov/.m2/repository/junit/junit/4.8.1/junit-4.8.1.jar:/Users/orezchykov/.m2/repository/org/testng/testng/6.1.1/testng-6.1.1.jar:/Users/orezchykov/.m2/repository/org/beanshell/bsh/2.0b4/bsh-2.0b4.jar:/Users/orezchykov/.m2/repository/com/beust/jcommander/1.12/jcommander-1.12.jar:/Users/orezchykov/.m2/repository/org/yaml/snakeyaml/1.6/snakeyaml-1.6.jar:/Users/orezchykov/.m2/repository/org/mockito/mockito-all/1.8.5/mockito-all-1.8.5.jar:/Users/orezchykov/.m2/repository/org/hamcrest/hamcrest-integration/1.2.1/hamcrest-integration-1.2.1.jar:/Users/orezchykov/.m2/repository/org/hamcrest/hamcrest-library/1.2.1/hamcrest-library-1.2.1.jar:/Users/orezchykov/.m2/repository/org/hamcrest/hamcrest-core/1.2.1/hamcrest-core-1.2.1.jar:/Users/orezchykov/.m2/repository/org/easytesting/fest-assert/1.4/fest-assert-1.4.jar:/Users/orezchykov/.m2/repository/org/easytesting/fest-util/1.1.6/fest-util-1.1.6.jar:/Users/orezchykov/.m2/repository/net/avh4/util/imagecomparison/0.0.2/imagecomparison-0.0.2.jar:/Users/orezchykov/.m2/repository/org/hamcrest/hamcrest-all/1.1/hamcrest-all-1.1.jar:/Users/orezchykov/.m2/repository/commons-io/commons-io/1.4/commons-io-1.4.jar:/Users/orezchykov/.m2/repository/org/seleniumhq/selenium/selenium/2.0a5/selenium-2.0a5.jar:/Users/orezchykov/.m2/repository/org/seleniumhq/selenium/selenium-chrome-driver/2.0a5/selenium-chrome-driver-2.0a5.jar:/Users/orezchykov/.m2/repository/org/seleniumhq/selenium/selenium-remote-client/2.0a5/selenium-remote-client-2.0a5.jar:/Users/orezchykov/.m2/repository/org/seleniumhq/selenium/selenium-remote-common/2.0a5/selenium-remote-common-2.0a5.jar:/Users/orezchykov/.m2/repository/org/json/json/20080701/json-20080701.jar:/Users/orezchykov/.m2/repository/commons-httpclient/commons-httpclient/3.1/commons-httpclient-3.1.jar:/Users/orezchykov/.m2/repository/org/seleniumhq/selenium/selenium-htmlunit-driver/2.0a5/selenium-htmlunit-driver-2.0a5.jar:/Users/orezchykov/.m2/repository/org/seleniumhq/selenium/selenium-common/2.0a5/selenium-common-2.0a5.jar:/Users/orezchykov/.m2/repository/net/sourceforge/htmlunit/htmlunit/2.7/htmlunit-2.7.jar:/Users/orezchykov/.m2/repository/xalan/xalan/2.7.1/xalan-2.7.1.jar:/Users/orezchykov/.m2/repository/xalan/serializer/2.7.1/serializer-2.7.1.jar:/Users/orezchykov/.m2/repository/commons-collections/commons-collections/3.2.1/commons-collections-3.2.1.jar:/Users/orezchykov/.m2/repository/commons-lang/commons-lang/2.4/commons-lang-2.4.jar:/Users/orezchykov/.m2/repository/commons-codec/commons-codec/1.4/commons-codec-1.4.jar:/Users/orezchykov/.m2/repository/net/sourceforge/htmlunit/htmlunit-core-js/2.7/htmlunit-core-js-2.7.jar:/Users/orezchykov/.m2/repository/xerces/xercesImpl/2.9.1/xercesImpl-2.9.1.jar:/Users/orezchykov/.m2/repository/net/sourceforge/nekohtml/nekohtml/1.9.14/nekohtml-1.9.14.jar:/Users/orezchykov/.m2/repository/net/sourceforge/cssparser/cssparser/0.9.5/cssparser-0.9.5.jar:/Users/orezchykov/.m2/repository/org/w3c/css/sac/1.3/sac-1.3.jar:/Users/orezchykov/.m2/repository/commons-logging/commons-logging/1.1.1/commons-logging-1.1.1.jar:/Users/orezchykov/.m2/repository/org/seleniumhq/selenium/selenium-firefox-driver/2.0a5/selenium-firefox-driver-2.0a5.jar:/Users/orezchykov/.m2/repository/org/seleniumhq/selenium/selenium-ie-driver/2.0a5/selenium-ie-driver-2.0a5.jar:/Users/orezchykov/.m2/repository/net/java/dev/jna/jna/3.2.2/jna-3.2.2.jar:/Users/orezchykov/.m2/repository/org/seleniumhq/selenium/selenium-support/2.0a5/selenium-support-2.0a5.jar:/Users/orezchykov/.m2/repository/com/google/collections/google-collections/1.0/google-collections-1.0.jar:/Users/orezchykov/.m2/repository/org/concordion/concordion/1.4.2/concordion-1.4.2.jar:/Users/orezchykov/.m2/repository/junit/junit-dep/4.8.2/junit-dep-4.8.2.jar:/Users/orezchykov/.m2/repository/ognl/ognl/2.6.9/ognl-2.6.9.jar:/Users/orezchykov/.m2/repository/xom/xom/1.2.5/xom-1.2.5.jar:/Users/orezchykov/.m2/repository/xml-apis/xml-apis/1.3.03/xml-apis-1.3.03.jar:"/>
    <property name="java.specification.name" value="Java Platform API Specification"/>
    <property name="java.class.version" value="50.0"/>
    <property name="sun.management.compiler" value="HotSpot 64-Bit Tiered Compilers"/>
    <property name="os.version" value="10.7.4"/>
    <property name="http.nonProxyHosts" value="local|*.local|169.254/16|*.169.254/16"/>
    <property name="user.home" value="/Users/orezchykov"/>
    <property name="user.timezone" value="Europe/Kiev"/>
    <property name="java.awt.printerjob" value="apple.awt.CPrinterJob"/>
    <property name="java.specification.version" value="1.6"/>
    <property name="file.encoding" value="MacRoman"/>
    <property name="user.name" value="orezchykov"/>
    <property name="java.class.path" value="/Users/orezchykov/projects/atinfo/BDD-Concordion-Selenium/target/test-classes:/Users/orezchykov/projects/atinfo/BDD-Concordion-Selenium/target/classes:/Users/orezchykov/.m2/repository/junit/junit/4.8.1/junit-4.8.1.jar:/Users/orezchykov/.m2/repository/org/testng/testng/6.1.1/testng-6.1.1.jar:/Users/orezchykov/.m2/repository/org/beanshell/bsh/2.0b4/bsh-2.0b4.jar:/Users/orezchykov/.m2/repository/com/beust/jcommander/1.12/jcommander-1.12.jar:/Users/orezchykov/.m2/repository/org/yaml/snakeyaml/1.6/snakeyaml-1.6.jar:/Users/orezchykov/.m2/repository/org/mockito/mockito-all/1.8.5/mockito-all-1.8.5.jar:/Users/orezchykov/.m2/repository/org/hamcrest/hamcrest-integration/1.2.1/hamcrest-integration-1.2.1.jar:/Users/orezchykov/.m2/repository/org/hamcrest/hamcrest-library/1.2.1/hamcrest-library-1.2.1.jar:/Users/orezchykov/.m2/repository/org/hamcrest/hamcrest-core/1.2.1/hamcrest-core-1.2.1.jar:/Users/orezchykov/.m2/repository/org/easytesting/fest-assert/1.4/fest-assert-1.4.jar:/Users/orezchykov/.m2/repository/org/easytesting/fest-util/1.1.6/fest-util-1.1.6.jar:/Users/orezchykov/.m2/repository/net/avh4/util/imagecomparison/0.0.2/imagecomparison-0.0.2.jar:/Users/orezchykov/.m2/repository/org/hamcrest/hamcrest-all/1.1/hamcrest-all-1.1.jar:/Users/orezchykov/.m2/repository/commons-io/commons-io/1.4/commons-io-1.4.jar:/Users/orezchykov/.m2/repository/org/seleniumhq/selenium/selenium/2.0a5/selenium-2.0a5.jar:/Users/orezchykov/.m2/repository/org/seleniumhq/selenium/selenium-chrome-driver/2.0a5/selenium-chrome-driver-2.0a5.jar:/Users/orezchykov/.m2/repository/org/seleniumhq/selenium/selenium-remote-client/2.0a5/selenium-remote-client-2.0a5.jar:/Users/orezchykov/.m2/repository/org/seleniumhq/selenium/selenium-remote-common/2.0a5/selenium-remote-common-2.0a5.jar:/Users/orezchykov/.m2/repository/org/json/json/20080701/json-20080701.jar:/Users/orezchykov/.m2/repository/commons-httpclient/commons-httpclient/3.1/commons-httpclient-3.1.jar:/Users/orezchykov/.m2/repository/org/seleniumhq/selenium/selenium-htmlunit-driver/2.0a5/selenium-htmlunit-driver-2.0a5.jar:/Users/orezchykov/.m2/repository/org/seleniumhq/selenium/selenium-common/2.0a5/selenium-common-2.0a5.jar:/Users/orezchykov/.m2/repository/net/sourceforge/htmlunit/htmlunit/2.7/htmlunit-2.7.jar:/Users/orezchykov/.m2/repository/xalan/xalan/2.7.1/xalan-2.7.1.jar:/Users/orezchykov/.m2/repository/xalan/serializer/2.7.1/serializer-2.7.1.jar:/Users/orezchykov/.m2/repository/commons-collections/commons-collections/3.2.1/commons-collections-3.2.1.jar:/Users/orezchykov/.m2/repository/commons-lang/commons-lang/2.4/commons-lang-2.4.jar:/Users/orezchykov/.m2/repository/commons-codec/commons-codec/1.4/commons-codec-1.4.jar:/Users/orezchykov/.m2/repository/net/sourceforge/htmlunit/htmlunit-core-js/2.7/htmlunit-core-js-2.7.jar:/Users/orezchykov/.m2/repository/xerces/xercesImpl/2.9.1/xercesImpl-2.9.1.jar:/Users/orezchykov/.m2/repository/net/sourceforge/nekohtml/nekohtml/1.9.14/nekohtml-1.9.14.jar:/Users/orezchykov/.m2/repository/net/sourceforge/cssparser/cssparser/0.9.5/cssparser-0.9.5.jar:/Users/orezchykov/.m2/repository/org/w3c/css/sac/1.3/sac-1.3.jar:/Users/orezchykov/.m2/repository/commons-logging/commons-logging/1.1.1/commons-logging-1.1.1.jar:/Users/orezchykov/.m2/repository/org/seleniumhq/selenium/selenium-firefox-driver/2.0a5/selenium-firefox-driver-2.0a5.jar:/Users/orezchykov/.m2/repository/org/seleniumhq/selenium/selenium-ie-driver/2.0a5/selenium-ie-driver-2.0a5.jar:/Users/orezchykov/.m2/repository/net/java/dev/jna/jna/3.2.2/jna-3.2.2.jar:/Users/orezchykov/.m2/repository/org/seleniumhq/selenium/selenium-support/2.0a5/selenium-support-2.0a5.jar:/Users/orezchykov/.m2/repository/com/google/collections/google-collections/1.0/google-collections-1.0.jar:/Users/orezchykov/.m2/repository/org/concordion/concordion/1.4.2/concordion-1.4.2.jar:/Users/orezchykov/.m2/repository/junit/junit-dep/4.8.2/junit-dep-4.8.2.jar:/Users/orezchykov/.m2/repository/ognl/ognl/2.6.9/ognl-2.6.9.jar:/Users/orezchykov/.m2/repository/xom/xom/1.2.5/xom-1.2.5.jar:/Users/orezchykov/.m2/repository/xml-apis/xml-apis/1.3.03/xml-apis-1.3.03.jar:"/>
    <property name="java.vm.specification.version" value="1.0"/>
    <property name="sun.arch.data.model" value="64"/>
    <property name="java.home" value="/System/Library/Java/JavaVirtualMachines/1.6.0.jdk/Contents/Home"/>
    <property name="sun.java.command" value="/Users/orezchykov/projects/atinfo/BDD-Concordion-Selenium/target/surefire/surefirebooter5958487245215632601.jar /Users/orezchykov/projects/atinfo/BDD-Concordion-Selenium/target/surefire/surefire4163176020605378786tmp /Users/orezchykov/projects/atinfo/BDD-Concordion-Selenium/target/surefire/surefire8405644522573682139tmp"/>
    <property name="java.specification.vendor" value="Sun Microsystems Inc."/>
    <property name="user.language" value="en"/>
    <property name="awt.toolkit" value="apple.awt.CToolkit"/>
    <property name="java.vm.info" value="mixed mode"/>
    <property name="java.version" value="1.6.0_31"/>
    <property name="java.ext.dirs" value="/Library/Java/Extensions:/System/Library/Java/Extensions:/System/Library/Java/JavaVirtualMachines/1.6.0.jdk/Contents/Home/lib/ext"/>
    <property name="sun.boot.class.path" value="/System/Library/Java/JavaVirtualMachines/1.6.0.jdk/Contents/Classes/jsfd.jar:/System/Library/Java/JavaVirtualMachines/1.6.0.jdk/Contents/Classes/classes.jar:/System/Library/Frameworks/JavaVM.framework/Frameworks/JavaRuntimeSupport.framework/Resources/Java/JavaRuntimeSupport.jar:/System/Library/Java/JavaVirtualMachines/1.6.0.jdk/Contents/Classes/ui.jar:/System/Library/Java/JavaVirtualMachines/1.6.0.jdk/Contents/Classes/laf.jar:/System/Library/Java/JavaVirtualMachines/1.6.0.jdk/Contents/Classes/sunrsasign.jar:/System/Library/Java/JavaVirtualMachines/1.6.0.jdk/Contents/Classes/jsse.jar:/System/Library/Java/JavaVirtualMachines/1.6.0.jdk/Contents/Classes/jce.jar:/System/Library/Java/JavaVirtualMachines/1.6.0.jdk/Contents/Classes/charsets.jar"/>
    <property name="java.vendor" value="Apple Inc."/>
    <property name="localRepository" value="/Users/orezchykov/.m2/repository"/>
    <property name="file.separator" value="/"/>
    <property name="java.vendor.url.bug" value="http://bugreport.apple.com/"/>
    <property name="sun.cpu.endian" value="little"/>
    <property name="sun.io.unicode.encoding" value="UnicodeLittle"/>
    <property name="mrj.version" value="1070.1.6.0_31-415"/>
    <property name="socksNonProxyHosts" value="local|*.local|169.254/16|*.169.254/16"/>
    <property name="ftp.nonProxyHosts" value="local|*.local|169.254/16|*.169.254/16"/>
    <property name="sun.cpu.isalist" value=""/>
  </properties>
</testsuite>